<?xml version="1.0" encoding="UTF-8"?>
<testsuite xmlns:xsi="http://www.w3.org/2001/XMLSchema-instance" xsi:noNamespaceSchemaLocation="https://maven.apache.org/surefire/maven-surefire-plugin/xsd/surefire-test-report.xsd" name="com.example.GoalTest" time="0.008" tests="8" errors="0" skipped="0" failures="0">
  <properties>
    <property name="java.specification.version" value="17"/>
    <property name="sun.cpu.isalist" value="amd64"/>
    <property name="sun.jnu.encoding" value="Cp1252"/>
    <property name="java.class.path" value="C:\Users\DANY ORTEGA\Desktop\TDD-JAVA\Billetera-tdd\billetera\target\test-classes;C:\Users\DANY ORTEGA\Desktop\TDD-JAVA\Billetera-tdd\billetera\target\classes;C:\Users\DANY ORTEGA\.m2\repository\junit\junit\4.11\junit-4.11.jar;C:\Users\DANY ORTEGA\.m2\repository\org\hamcrest\hamcrest-core\1.3\hamcrest-core-1.3.jar;"/>
    <property name="java.vm.vendor" value="Eclipse Adoptium"/>
    <property name="sun.arch.data.model" value="64"/>
    <property name="user.variant" value=""/>
    <property name="java.vendor.url" value="https://adoptium.net/"/>
    <property name="user.timezone" value="America/La_Paz"/>
    <property name="os.name" value="Windows 10"/>
    <property name="java.vm.specification.version" value="17"/>
    <property name="sun.java.launcher" value="SUN_STANDARD"/>
    <property name="user.country" value="BO"/>
    <property name="sun.boot.library.path" value="C:\Program Files\Eclipse Adoptium\jdk-17.0.5.8-hotspot\bin"/>
    <property name="sun.java.command" value="C:\Users\DANYOR~1\AppData\Local\Temp\surefire2944007293081170680\surefirebooter13274426192218154273.jar C:\Users\DANY ORTEGA\AppData\Local\Temp\surefire2944007293081170680 2022-11-19T16-45-09_212-jvmRun1 surefire3286336807612649244tmp surefire_017397588717576325899tmp"/>
    <property name="jdk.debug" value="release"/>
    <property name="surefire.test.class.path" value="C:\Users\DANY ORTEGA\Desktop\TDD-JAVA\Billetera-tdd\billetera\target\test-classes;C:\Users\DANY ORTEGA\Desktop\TDD-JAVA\Billetera-tdd\billetera\target\classes;C:\Users\DANY ORTEGA\.m2\repository\junit\junit\4.11\junit-4.11.jar;C:\Users\DANY ORTEGA\.m2\repository\org\hamcrest\hamcrest-core\1.3\hamcrest-core-1.3.jar;"/>
    <property name="sun.cpu.endian" value="little"/>
    <property name="user.home" value="C:\Users\DANY ORTEGA"/>
    <property name="user.language" value="es"/>
    <property name="java.specification.vendor" value="Oracle Corporation"/>
    <property name="java.version.date" value="2022-10-18"/>
    <property name="java.home" value="C:\Program Files\Eclipse Adoptium\jdk-17.0.5.8-hotspot"/>
    <property name="file.separator" value="\"/>
    <property name="basedir" value="C:\Users\DANY ORTEGA\Desktop\TDD-JAVA\Billetera-tdd\billetera"/>
    <property name="java.vm.compressedOopsMode" value="Zero based"/>
    <property name="line.separator" value="&#10;"/>
    <property name="java.vm.specification.vendor" value="Oracle Corporation"/>
    <property name="java.specification.name" value="Java Platform API Specification"/>
    <property name="surefire.real.class.path" value="C:\Users\DANYOR~1\AppData\Local\Temp\surefire2944007293081170680\surefirebooter13274426192218154273.jar"/>
    <property name="user.script" value=""/>
    <property name="sun.management.compiler" value="HotSpot 64-Bit Tiered Compilers"/>
    <property name="java.runtime.version" value="17.0.5+8"/>
    <property name="user.name" value="DANY ORTEGA"/>
    <property name="path.separator" value=";"/>
    <property name="os.version" value="10.0"/>
    <property name="java.runtime.name" value="OpenJDK Runtime Environment"/>
    <property name="file.encoding" value="Cp1252"/>
    <property name="java.vm.name" value="OpenJDK 64-Bit Server VM"/>
    <property name="java.vendor.version" value="Temurin-17.0.5+8"/>
    <property name="localRepository" value="C:\Users\DANY ORTEGA\.m2\repository"/>
    <property name="java.vendor.url.bug" value="https://github.com/adoptium/adoptium-support/issues"/>
    <property name="java.io.tmpdir" value="C:\Users\DANYOR~1\AppData\Local\Temp\"/>
    <property name="java.version" value="17.0.5"/>
    <property name="user.dir" value="C:\Users\DANY ORTEGA\Desktop\TDD-JAVA\Billetera-tdd\billetera"/>
    <property name="os.arch" value="amd64"/>
    <property name="java.vm.specification.name" value="Java Virtual Machine Specification"/>
    <property name="sun.os.patch.level" value=""/>
    <property name="native.encoding" value="Cp1252"/>
    <property name="java.library.path" value="C:\Program Files\Eclipse Adoptium\jdk-17.0.5.8-hotspot\bin;C:\windows\Sun\Java\bin;C:\windows\system32;C:\windows;C:\Users\DANY ORTEGA\bin;C:\Program Files\Git\mingw64\bin;C:\Program Files\Git\usr\local\bin;C:\Program Files\Git\usr\bin;C:\Program Files\Git\usr\bin;C:\Program Files\Git\mingw64\bin;C:\Program Files\Git\usr\bin;C:\Users\DANY ORTEGA\bin;C:\Program Files\Eclipse Adoptium\jdk-17.0.5.8-hotspot\bin;C:\Program Files\Common Files\Oracle\Java\javapath;C:\Program Files (x86)\VMware\VMware Player\bin;C:\windows\system32;C:\windows;C:\windows\System32\Wbem;C:\windows\System32\WindowsPowerShell\v1.0;C:\windows\System32\OpenSSH;C:\Program Files (x86)\NVIDIA Corporation\PhysX\Common;C:\Program Files\NVIDIA Corporation\NVIDIA NvDLISR;C:\Users\DANY ORTEGA\AppData\Local\Programs\Python\Python39;C:\Users\DANY ORTEGA\AppData\Local\Programs\Python\Python39\Scripts;C:\Program Files\Git\cmd;C:\Program Files\nodejs;C:\Program Files\Docker\Docker\resources\bin;C:\ProgramData\DockerDesktop\version-bin;C:\ProgramData\ComposerSetup\bin;C:\Program Files\MySQL\MySQL Server 8.0\bin;C:\Program Files\Eclipse Adoptium\jdk-17.0.5.8-hotspot\bin;C:\maven\apache-maven-3.8.6\bin;C:\Program Files\MySQL\MySQL Shell 8.0\bin;C:\Users\DANY ORTEGA\AppData\Local\Programs\Python\Python39\Scripts;C:\Users\DANY ORTEGA\AppData\Local\Programs\Python\Python39;C:\Users\DANY ORTEGA\AppData\Local\Microsoft\WindowsApps;C:\Users\DANY ORTEGA\AppData\Local\Programs\Microsoft VS Code\bin;C:\Users\DANY ORTEGA\AppData\Local\Programs\MiKTeX\miktex\bin\x64;C:\Users\DANY ORTEGA\AppData\Local\Programs\Hyper\resources\bin;C:\Users\DANY ORTEGA\AppData\Roaming\npm;C:\PHP;C:\Users\DANY ORTEGA\AppData\Roaming\Composer\vendor\bin;C:\Program Files\MySQL\MySQL Server 8.0\bin;C:\Users\DANY ORTEGA\AppData\Local\Programs\oh-my-posh\bin;C:\Program Files\JetBrains\IntelliJ IDEA Community Edition 2022.2.3\bin;C:\Program Files\heroku\bin;C:\Program Files\Git\usr\bin\vendor_perl;C:\Program Files\Git\usr\bin\core_perl;."/>
    <property name="java.vm.info" value="mixed mode, sharing"/>
    <property name="java.vendor" value="Eclipse Adoptium"/>
    <property name="java.vm.version" value="17.0.5+8"/>
    <property name="sun.io.unicode.encoding" value="UnicodeLittle"/>
    <property name="java.class.version" value="61.0"/>
  </properties>
  <testcase name="returningTimeOfGoal" classname="com.example.GoalTest" time="0"/>
  <testcase name="returningAnyGoal" classname="com.example.GoalTest" time="0"/>
  <testcase name="returningAnyAmountOfGoal" classname="com.example.GoalTest" time="0"/>
  <testcase name="verifyWithNegativeAmount" classname="com.example.GoalTest" time="0"/>
  <testcase name="verifyWithNegativeTime" classname="com.example.GoalTest" time="0"/>
  <testcase name="verifyEmptyGoal" classname="com.example.GoalTest" time="0"/>
  <testcase name="verifyEmptyAmountOfGoal" classname="com.example.GoalTest" time="0"/>
  <testcase name="verifyEmptyTimeOfGoal" classname="com.example.GoalTest" time="0"/>
</testsuite>